{"C:\\Computer Science\\SD\\FinalProject\\Forza-Horizon-StatsTracker\\backend\\app.js": {"path":"C:\\Computer Science\\SD\\FinalProject\\Forza-Horizon-StatsTracker\\backend\\app.js","statementMap":{"0":{"start":{"line":2,"column":15},"end":{"line":2,"column":32}},"1":{"start":{"line":3,"column":0},"end":{"line":3,"column":15}},"2":{"start":{"line":4,"column":16},"end":{"line":4,"column":34}},"3":{"start":{"line":5,"column":13},"end":{"line":5,"column":28}},"4":{"start":{"line":7,"column":12},"end":{"line":7,"column":21}},"5":{"start":{"line":9,"column":0},"end":{"line":9,"column":25}},"6":{"start":{"line":11,"column":0},"end":{"line":18,"column":2}},"7":{"start":{"line":20,"column":0},"end":{"line":20,"column":24}},"8":{"start":{"line":23,"column":0},"end":{"line":29,"column":3}},"9":{"start":{"line":24,"column":2},"end":{"line":27,"column":5}},"10":{"start":{"line":25,"column":4},"end":{"line":25,"column":100}},"11":{"start":{"line":26,"column":4},"end":{"line":26,"column":55}},"12":{"start":{"line":28,"column":2},"end":{"line":28,"column":9}},"13":{"start":{"line":32,"column":0},"end":{"line":34,"column":3}},"14":{"start":{"line":33,"column":2},"end":{"line":33,"column":42}},"15":{"start":{"line":36,"column":19},"end":{"line":36,"column":44}},"16":{"start":{"line":37,"column":20},"end":{"line":37,"column":45}},"17":{"start":{"line":39,"column":0},"end":{"line":39,"column":40}},"18":{"start":{"line":40,"column":0},"end":{"line":40,"column":39}},"19":{"start":{"line":42,"column":0},"end":{"line":42,"column":21}}},"fnMap":{"0":{"name":"(anonymous_0)","decl":{"start":{"line":23,"column":8},"end":{"line":23,"column":9}},"loc":{"start":{"line":23,"column":28},"end":{"line":29,"column":1}},"line":23},"1":{"name":"(anonymous_1)","decl":{"start":{"line":24,"column":19},"end":{"line":24,"column":20}},"loc":{"start":{"line":24,"column":25},"end":{"line":27,"column":3}},"line":24},"2":{"name":"(anonymous_2)","decl":{"start":{"line":32,"column":13},"end":{"line":32,"column":14}},"loc":{"start":{"line":32,"column":27},"end":{"line":34,"column":1}},"line":32}},"branchMap":{},"s":{"0":1,"1":1,"2":1,"3":1,"4":1,"5":1,"6":1,"7":1,"8":1,"9":3,"10":3,"11":3,"12":3,"13":1,"14":0,"15":1,"16":1,"17":1,"18":1,"19":1},"f":{"0":3,"1":3,"2":0},"b":{},"_coverageSchema":"1a1c01bbd47fc00a2c39e90264f33305004495a9","hash":"7eebf87bf88caca1fb32762469f343e653497621"}
,"C:\\Computer Science\\SD\\FinalProject\\Forza-Horizon-StatsTracker\\backend\\controllers\\stats.js": {"path":"C:\\Computer Science\\SD\\FinalProject\\Forza-Horizon-StatsTracker\\backend\\controllers\\stats.js","statementMap":{"0":{"start":{"line":1,"column":17},"end":{"line":1,"column":46}},"1":{"start":{"line":2,"column":19},"end":{"line":2,"column":50}},"2":{"start":{"line":3,"column":21},"end":{"line":3,"column":54}},"3":{"start":{"line":5,"column":0},"end":{"line":26,"column":2}},"4":{"start":{"line":6,"column":30},"end":{"line":6,"column":47}},"5":{"start":{"line":7,"column":25},"end":{"line":7,"column":34}},"6":{"start":{"line":9,"column":4},"end":{"line":11,"column":5}},"7":{"start":{"line":10,"column":8},"end":{"line":10,"column":103}},"8":{"start":{"line":13,"column":4},"end":{"line":25,"column":5}},"9":{"start":{"line":14,"column":22},"end":{"line":14,"column":60}},"10":{"start":{"line":15,"column":8},"end":{"line":15,"column":42}},"11":{"start":{"line":17,"column":8},"end":{"line":19,"column":9}},"12":{"start":{"line":18,"column":12},"end":{"line":18,"column":77}},"13":{"start":{"line":21,"column":8},"end":{"line":21,"column":79}},"14":{"start":{"line":23,"column":8},"end":{"line":23,"column":59}},"15":{"start":{"line":24,"column":8},"end":{"line":24,"column":94}},"16":{"start":{"line":28,"column":0},"end":{"line":60,"column":1}},"17":{"start":{"line":29,"column":4},"end":{"line":58,"column":7}},"18":{"start":{"line":30,"column":30},"end":{"line":30,"column":67}},"19":{"start":{"line":32,"column":28},"end":{"line":49,"column":9}},"20":{"start":{"line":34,"column":26},"end":{"line":35,"column":16}},"21":{"start":{"line":38,"column":12},"end":{"line":40,"column":13}},"22":{"start":{"line":39,"column":16},"end":{"line":39,"column":28}},"23":{"start":{"line":42,"column":12},"end":{"line":47,"column":14}},"24":{"start":{"line":52,"column":36},"end":{"line":52,"column":79}},"25":{"start":{"line":52,"column":64},"end":{"line":52,"column":78}},"26":{"start":{"line":54,"column":8},"end":{"line":54,"column":50}},"27":{"start":{"line":56,"column":8},"end":{"line":56,"column":58}},"28":{"start":{"line":57,"column":8},"end":{"line":57,"column":56}},"29":{"start":{"line":65,"column":0},"end":{"line":93,"column":2}},"30":{"start":{"line":66,"column":21},"end":{"line":66,"column":38}},"31":{"start":{"line":68,"column":4},"end":{"line":70,"column":5}},"32":{"start":{"line":69,"column":8},"end":{"line":69,"column":72}},"33":{"start":{"line":72,"column":4},"end":{"line":92,"column":5}},"34":{"start":{"line":73,"column":30},"end":{"line":73,"column":70}},"35":{"start":{"line":74,"column":8},"end":{"line":76,"column":9}},"36":{"start":{"line":75,"column":12},"end":{"line":75,"column":79}},"37":{"start":{"line":78,"column":56},"end":{"line":78,"column":69}},"38":{"start":{"line":80,"column":8},"end":{"line":85,"column":11}},"39":{"start":{"line":87,"column":8},"end":{"line":87,"column":61}},"40":{"start":{"line":88,"column":8},"end":{"line":91,"column":11}},"41":{"start":{"line":96,"column":0},"end":{"line":136,"column":2}},"42":{"start":{"line":97,"column":37},"end":{"line":97,"column":46}},"43":{"start":{"line":99,"column":4},"end":{"line":101,"column":5}},"44":{"start":{"line":100,"column":8},"end":{"line":100,"column":96}},"45":{"start":{"line":103,"column":4},"end":{"line":135,"column":5}},"46":{"start":{"line":104,"column":27},"end":{"line":104,"column":95}},"47":{"start":{"line":106,"column":8},"end":{"line":108,"column":9}},"48":{"start":{"line":107,"column":12},"end":{"line":107,"column":84}},"49":{"start":{"line":110,"column":22},"end":{"line":126,"column":11}},"50":{"start":{"line":110,"column":50},"end":{"line":126,"column":9}},"51":{"start":{"line":128,"column":8},"end":{"line":131,"column":11}},"52":{"start":{"line":134,"column":8},"end":{"line":134,"column":89}},"53":{"start":{"line":138,"column":0},"end":{"line":162,"column":1}},"54":{"start":{"line":139,"column":20},"end":{"line":139,"column":37}},"55":{"start":{"line":140,"column":28},"end":{"line":140,"column":36}},"56":{"start":{"line":142,"column":0},"end":{"line":144,"column":1}},"57":{"start":{"line":143,"column":4},"end":{"line":143,"column":87}},"58":{"start":{"line":146,"column":0},"end":{"line":161,"column":2}},"59":{"start":{"line":147,"column":25},"end":{"line":151,"column":5}},"60":{"start":{"line":154,"column":0},"end":{"line":156,"column":1}},"61":{"start":{"line":155,"column":4},"end":{"line":155,"column":65}},"62":{"start":{"line":157,"column":0},"end":{"line":157,"column":59}},"63":{"start":{"line":160,"column":0},"end":{"line":160,"column":76}}},"fnMap":{"0":{"name":"(anonymous_0)","decl":{"start":{"line":5,"column":23},"end":{"line":5,"column":24}},"loc":{"start":{"line":5,"column":43},"end":{"line":26,"column":1}},"line":5},"1":{"name":"(anonymous_1)","decl":{"start":{"line":28,"column":26},"end":{"line":28,"column":27}},"loc":{"start":{"line":28,"column":46},"end":{"line":60,"column":1}},"line":28},"2":{"name":"(anonymous_2)","decl":{"start":{"line":33,"column":28},"end":{"line":33,"column":29}},"loc":{"start":{"line":33,"column":44},"end":{"line":48,"column":11}},"line":33},"3":{"name":"(anonymous_3)","decl":{"start":{"line":52,"column":55},"end":{"line":52,"column":56}},"loc":{"start":{"line":52,"column":64},"end":{"line":52,"column":78}},"line":52},"4":{"name":"(anonymous_4)","decl":{"start":{"line":65,"column":26},"end":{"line":65,"column":27}},"loc":{"start":{"line":65,"column":46},"end":{"line":93,"column":1}},"line":65},"5":{"name":"(anonymous_5)","decl":{"start":{"line":96,"column":26},"end":{"line":96,"column":27}},"loc":{"start":{"line":96,"column":46},"end":{"line":136,"column":1}},"line":96},"6":{"name":"(anonymous_6)","decl":{"start":{"line":110,"column":37},"end":{"line":110,"column":38}},"loc":{"start":{"line":110,"column":50},"end":{"line":126,"column":9}},"line":110},"7":{"name":"(anonymous_7)","decl":{"start":{"line":138,"column":26},"end":{"line":138,"column":27}},"loc":{"start":{"line":138,"column":43},"end":{"line":162,"column":1}},"line":138}},"branchMap":{"0":{"loc":{"start":{"line":9,"column":4},"end":{"line":11,"column":5}},"type":"if","locations":[{"start":{"line":9,"column":4},"end":{"line":11,"column":5}},{"start":{},"end":{}}],"line":9},"1":{"loc":{"start":{"line":17,"column":8},"end":{"line":19,"column":9}},"type":"if","locations":[{"start":{"line":17,"column":8},"end":{"line":19,"column":9}},{"start":{},"end":{}}],"line":17},"2":{"loc":{"start":{"line":38,"column":12},"end":{"line":40,"column":13}},"type":"if","locations":[{"start":{"line":38,"column":12},"end":{"line":40,"column":13}},{"start":{},"end":{}}],"line":38},"3":{"loc":{"start":{"line":68,"column":4},"end":{"line":70,"column":5}},"type":"if","locations":[{"start":{"line":68,"column":4},"end":{"line":70,"column":5}},{"start":{},"end":{}}],"line":68},"4":{"loc":{"start":{"line":74,"column":8},"end":{"line":76,"column":9}},"type":"if","locations":[{"start":{"line":74,"column":8},"end":{"line":76,"column":9}},{"start":{},"end":{}}],"line":74},"5":{"loc":{"start":{"line":99,"column":4},"end":{"line":101,"column":5}},"type":"if","locations":[{"start":{"line":99,"column":4},"end":{"line":101,"column":5}},{"start":{},"end":{}}],"line":99},"6":{"loc":{"start":{"line":99,"column":8},"end":{"line":99,"column":32}},"type":"binary-expr","locations":[{"start":{"line":99,"column":8},"end":{"line":99,"column":18}},{"start":{"line":99,"column":22},"end":{"line":99,"column":32}}],"line":99},"7":{"loc":{"start":{"line":106,"column":8},"end":{"line":108,"column":9}},"type":"if","locations":[{"start":{"line":106,"column":8},"end":{"line":108,"column":9}},{"start":{},"end":{}}],"line":106},"8":{"loc":{"start":{"line":142,"column":0},"end":{"line":144,"column":1}},"type":"if","locations":[{"start":{"line":142,"column":0},"end":{"line":144,"column":1}},{"start":{},"end":{}}],"line":142},"9":{"loc":{"start":{"line":154,"column":0},"end":{"line":156,"column":1}},"type":"if","locations":[{"start":{"line":154,"column":0},"end":{"line":156,"column":1}},{"start":{},"end":{}}],"line":154}},"s":{"0":1,"1":1,"2":1,"3":1,"4":0,"5":0,"6":0,"7":0,"8":0,"9":0,"10":0,"11":0,"12":0,"13":0,"14":0,"15":0,"16":1,"17":0,"18":0,"19":0,"20":0,"21":0,"22":0,"23":0,"24":0,"25":0,"26":0,"27":0,"28":0,"29":1,"30":0,"31":0,"32":0,"33":0,"34":0,"35":0,"36":0,"37":0,"38":0,"39":0,"40":0,"41":1,"42":0,"43":0,"44":0,"45":0,"46":0,"47":0,"48":0,"49":0,"50":0,"51":0,"52":0,"53":1,"54":0,"55":0,"56":0,"57":0,"58":0,"59":0,"60":0,"61":0,"62":0,"63":0},"f":{"0":0,"1":0,"2":0,"3":0,"4":0,"5":0,"6":0,"7":0},"b":{"0":[0,0],"1":[0,0],"2":[0,0],"3":[0,0],"4":[0,0],"5":[0,0],"6":[0,0],"7":[0,0],"8":[0,0],"9":[0,0]},"_coverageSchema":"1a1c01bbd47fc00a2c39e90264f33305004495a9","hash":"5f30b8ceb844db64a7d4f5efda312264e17b68fe"}
,"C:\\Computer Science\\SD\\FinalProject\\Forza-Horizon-StatsTracker\\backend\\controllers\\users.js": {"path":"C:\\Computer Science\\SD\\FinalProject\\Forza-Horizon-StatsTracker\\backend\\controllers\\users.js","statementMap":{"0":{"start":{"line":1,"column":15},"end":{"line":1,"column":32}},"1":{"start":{"line":2,"column":17},"end":{"line":2,"column":46}},"2":{"start":{"line":3,"column":19},"end":{"line":3,"column":50}},"3":{"start":{"line":4,"column":14},"end":{"line":4,"column":35}},"4":{"start":{"line":5,"column":21},"end":{"line":5,"column":54}},"5":{"start":{"line":6,"column":12},"end":{"line":6,"column":35}},"6":{"start":{"line":8,"column":22},"end":{"line":14,"column":1}},"7":{"start":{"line":9,"column":4},"end":{"line":13,"column":6}},"8":{"start":{"line":17,"column":24},"end":{"line":66,"column":1}},"9":{"start":{"line":18,"column":16},"end":{"line":18,"column":17}},"10":{"start":{"line":19,"column":21},"end":{"line":19,"column":23}},"11":{"start":{"line":21,"column":4},"end":{"line":63,"column":5}},"12":{"start":{"line":22,"column":8},"end":{"line":38,"column":9}},"13":{"start":{"line":24,"column":36},"end":{"line":24,"column":150}},"14":{"start":{"line":25,"column":33},"end":{"line":25,"column":61}},"15":{"start":{"line":26,"column":31},"end":{"line":26,"column":56}},"16":{"start":{"line":27,"column":12},"end":{"line":29,"column":13}},"17":{"start":{"line":28,"column":16},"end":{"line":28,"column":57}},"18":{"start":{"line":32,"column":34},"end":{"line":32,"column":153}},"19":{"start":{"line":33,"column":31},"end":{"line":33,"column":57}},"20":{"start":{"line":34,"column":29},"end":{"line":34,"column":52}},"21":{"start":{"line":35,"column":12},"end":{"line":37,"column":13}},"22":{"start":{"line":36,"column":16},"end":{"line":36,"column":65}},"23":{"start":{"line":40,"column":8},"end":{"line":56,"column":9}},"24":{"start":{"line":42,"column":35},"end":{"line":42,"column":83}},"25":{"start":{"line":43,"column":30},"end":{"line":49,"column":14}},"26":{"start":{"line":50,"column":33},"end":{"line":50,"column":55}},"27":{"start":{"line":51,"column":12},"end":{"line":55,"column":13}},"28":{"start":{"line":52,"column":31},"end":{"line":52,"column":53}},"29":{"start":{"line":53,"column":16},"end":{"line":53,"column":50}},"30":{"start":{"line":54,"column":16},"end":{"line":54,"column":42}},"31":{"start":{"line":57,"column":8},"end":{"line":60,"column":9}},"32":{"start":{"line":58,"column":16},"end":{"line":58,"column":26}},"33":{"start":{"line":59,"column":16},"end":{"line":59,"column":93}},"34":{"start":{"line":62,"column":8},"end":{"line":62,"column":74}},"35":{"start":{"line":65,"column":4},"end":{"line":65,"column":33}},"36":{"start":{"line":68,"column":0},"end":{"line":154,"column":2}},"37":{"start":{"line":71,"column":120},"end":{"line":71,"column":128}},"38":{"start":{"line":73,"column":17},"end":{"line":73,"column":22}},"39":{"start":{"line":74,"column":4},"end":{"line":74,"column":26}},"40":{"start":{"line":76,"column":4},"end":{"line":153,"column":5}},"41":{"start":{"line":77,"column":24},"end":{"line":77,"column":60}},"42":{"start":{"line":78,"column":8},"end":{"line":80,"column":9}},"43":{"start":{"line":79,"column":12},"end":{"line":79,"column":76}},"44":{"start":{"line":81,"column":24},"end":{"line":81,"column":58}},"45":{"start":{"line":82,"column":8},"end":{"line":84,"column":9}},"46":{"start":{"line":83,"column":12},"end":{"line":83,"column":76}},"47":{"start":{"line":86,"column":4},"end":{"line":88,"column":5}},"48":{"start":{"line":87,"column":8},"end":{"line":87,"column":76}},"49":{"start":{"line":90,"column":4},"end":{"line":92,"column":5}},"50":{"start":{"line":91,"column":8},"end":{"line":91,"column":71}},"51":{"start":{"line":94,"column":4},"end":{"line":97,"column":5}},"52":{"start":{"line":96,"column":8},"end":{"line":96,"column":75}},"53":{"start":{"line":99,"column":4},"end":{"line":104,"column":5}},"54":{"start":{"line":100,"column":8},"end":{"line":100,"column":29}},"55":{"start":{"line":101,"column":8},"end":{"line":103,"column":11}},"56":{"start":{"line":105,"column":8},"end":{"line":117,"column":9}},"57":{"start":{"line":106,"column":24},"end":{"line":106,"column":153}},"58":{"start":{"line":107,"column":29},"end":{"line":107,"column":45}},"59":{"start":{"line":108,"column":25},"end":{"line":108,"column":46}},"60":{"start":{"line":110,"column":12},"end":{"line":116,"column":13}},"61":{"start":{"line":110,"column":51},"end":{"line":110,"column":73}},"62":{"start":{"line":111,"column":16},"end":{"line":111,"column":30}},"63":{"start":{"line":113,"column":16},"end":{"line":115,"column":19}},"64":{"start":{"line":119,"column":8},"end":{"line":133,"column":9}},"65":{"start":{"line":120,"column":24},"end":{"line":120,"column":88}},"66":{"start":{"line":121,"column":29},"end":{"line":127,"column":14}},"67":{"start":{"line":129,"column":12},"end":{"line":131,"column":13}},"68":{"start":{"line":130,"column":16},"end":{"line":130,"column":92}},"69":{"start":{"line":132,"column":12},"end":{"line":132,"column":26}},"70":{"start":{"line":135,"column":29},"end":{"line":135,"column":59}},"71":{"start":{"line":138,"column":38},"end":{"line":138,"column":77}},"72":{"start":{"line":140,"column":24},"end":{"line":140,"column":101}},"73":{"start":{"line":142,"column":29},"end":{"line":143,"column":123}},"74":{"start":{"line":144,"column":31},"end":{"line":144,"column":85}},"75":{"start":{"line":145,"column":8},"end":{"line":145,"column":29}},"76":{"start":{"line":146,"column":8},"end":{"line":146,"column":34}},"77":{"start":{"line":147,"column":8},"end":{"line":147,"column":36}},"78":{"start":{"line":150,"column":8},"end":{"line":150,"column":71}},"79":{"start":{"line":152,"column":8},"end":{"line":152,"column":103}},"80":{"start":{"line":157,"column":0},"end":{"line":202,"column":2}},"81":{"start":{"line":158,"column":35},"end":{"line":158,"column":43}},"82":{"start":{"line":159,"column":4},"end":{"line":201,"column":5}},"83":{"start":{"line":160,"column":8},"end":{"line":162,"column":9}},"84":{"start":{"line":161,"column":12},"end":{"line":161,"column":77}},"85":{"start":{"line":163,"column":8},"end":{"line":165,"column":9}},"86":{"start":{"line":164,"column":12},"end":{"line":164,"column":77}},"87":{"start":{"line":166,"column":21},"end":{"line":166,"column":57}},"88":{"start":{"line":167,"column":8},"end":{"line":169,"column":9}},"89":{"start":{"line":168,"column":12},"end":{"line":168,"column":71}},"90":{"start":{"line":170,"column":24},"end":{"line":170,"column":68}},"91":{"start":{"line":171,"column":8},"end":{"line":173,"column":9}},"92":{"start":{"line":172,"column":12},"end":{"line":172,"column":75}},"93":{"start":{"line":176,"column":38},"end":{"line":176,"column":87}},"94":{"start":{"line":177,"column":28},"end":{"line":186,"column":9}},"95":{"start":{"line":187,"column":8},"end":{"line":189,"column":9}},"96":{"start":{"line":188,"column":12},"end":{"line":188,"column":79}},"97":{"start":{"line":190,"column":22},"end":{"line":190,"column":41}},"98":{"start":{"line":191,"column":8},"end":{"line":196,"column":13}},"99":{"start":{"line":199,"column":8},"end":{"line":199,"column":50}},"100":{"start":{"line":200,"column":8},"end":{"line":200,"column":89}},"101":{"start":{"line":206,"column":0},"end":{"line":213,"column":2}},"102":{"start":{"line":207,"column":4},"end":{"line":212,"column":5}},"103":{"start":{"line":208,"column":8},"end":{"line":208,"column":61}},"104":{"start":{"line":211,"column":8},"end":{"line":211,"column":83}},"105":{"start":{"line":216,"column":0},"end":{"line":262,"column":2}},"106":{"start":{"line":217,"column":25},"end":{"line":217,"column":33}},"107":{"start":{"line":219,"column":4},"end":{"line":221,"column":5}},"108":{"start":{"line":220,"column":8},"end":{"line":220,"column":74}},"109":{"start":{"line":223,"column":4},"end":{"line":261,"column":5}},"110":{"start":{"line":224,"column":21},"end":{"line":224,"column":57}},"111":{"start":{"line":226,"column":8},"end":{"line":228,"column":9}},"112":{"start":{"line":227,"column":12},"end":{"line":227,"column":71}},"113":{"start":{"line":230,"column":38},"end":{"line":230,"column":87}},"114":{"start":{"line":231,"column":28},"end":{"line":240,"column":9}},"115":{"start":{"line":241,"column":8},"end":{"line":243,"column":9}},"116":{"start":{"line":242,"column":12},"end":{"line":242,"column":78}},"117":{"start":{"line":244,"column":26},"end":{"line":244,"column":64}},"118":{"start":{"line":245,"column":8},"end":{"line":258,"column":11}},"119":{"start":{"line":260,"column":8},"end":{"line":260,"column":88}},"120":{"start":{"line":265,"column":0},"end":{"line":281,"column":1}},"121":{"start":{"line":266,"column":23},"end":{"line":266,"column":31}},"122":{"start":{"line":267,"column":4},"end":{"line":280,"column":5}},"123":{"start":{"line":268,"column":21},"end":{"line":268,"column":64}},"124":{"start":{"line":269,"column":25},"end":{"line":269,"column":70}},"125":{"start":{"line":270,"column":26},"end":{"line":270,"column":73}},"126":{"start":{"line":272,"column":8},"end":{"line":274,"column":9}},"127":{"start":{"line":273,"column":12},"end":{"line":273,"column":69}},"128":{"start":{"line":275,"column":8},"end":{"line":275,"column":69}},"129":{"start":{"line":278,"column":8},"end":{"line":278,"column":29}},"130":{"start":{"line":279,"column":8},"end":{"line":279,"column":85}},"131":{"start":{"line":283,"column":0},"end":{"line":296,"column":1}},"132":{"start":{"line":284,"column":28},"end":{"line":284,"column":37}},"133":{"start":{"line":285,"column":4},"end":{"line":295,"column":5}},"134":{"start":{"line":286,"column":22},"end":{"line":288,"column":29}},"135":{"start":{"line":290,"column":8},"end":{"line":290,"column":47}},"136":{"start":{"line":293,"column":8},"end":{"line":293,"column":54}},"137":{"start":{"line":294,"column":8},"end":{"line":294,"column":89}}},"fnMap":{"0":{"name":"(anonymous_0)","decl":{"start":{"line":8,"column":22},"end":{"line":8,"column":23}},"loc":{"start":{"line":8,"column":32},"end":{"line":14,"column":1}},"line":8},"1":{"name":"(anonymous_1)","decl":{"start":{"line":17,"column":24},"end":{"line":17,"column":25}},"loc":{"start":{"line":17,"column":52},"end":{"line":66,"column":1}},"line":17},"2":{"name":"(anonymous_2)","decl":{"start":{"line":68,"column":18},"end":{"line":68,"column":19}},"loc":{"start":{"line":68,"column":38},"end":{"line":154,"column":1}},"line":68},"3":{"name":"(anonymous_3)","decl":{"start":{"line":110,"column":43},"end":{"line":110,"column":44}},"loc":{"start":{"line":110,"column":51},"end":{"line":110,"column":73}},"line":110},"4":{"name":"(anonymous_4)","decl":{"start":{"line":157,"column":21},"end":{"line":157,"column":22}},"loc":{"start":{"line":157,"column":41},"end":{"line":202,"column":1}},"line":157},"5":{"name":"(anonymous_5)","decl":{"start":{"line":206,"column":22},"end":{"line":206,"column":23}},"loc":{"start":{"line":206,"column":42},"end":{"line":213,"column":1}},"line":206},"6":{"name":"(anonymous_6)","decl":{"start":{"line":216,"column":22},"end":{"line":216,"column":23}},"loc":{"start":{"line":216,"column":42},"end":{"line":262,"column":1}},"line":216},"7":{"name":"(anonymous_7)","decl":{"start":{"line":265,"column":22},"end":{"line":265,"column":23}},"loc":{"start":{"line":265,"column":42},"end":{"line":281,"column":1}},"line":265},"8":{"name":"(anonymous_8)","decl":{"start":{"line":283,"column":23},"end":{"line":283,"column":24}},"loc":{"start":{"line":283,"column":43},"end":{"line":296,"column":1}},"line":283}},"branchMap":{"0":{"loc":{"start":{"line":22,"column":8},"end":{"line":38,"column":9}},"type":"if","locations":[{"start":{"line":22,"column":8},"end":{"line":38,"column":9}},{"start":{},"end":{}}],"line":22},"1":{"loc":{"start":{"line":22,"column":12},"end":{"line":22,"column":42}},"type":"binary-expr","locations":[{"start":{"line":22,"column":12},"end":{"line":22,"column":32}},{"start":{"line":22,"column":36},"end":{"line":22,"column":42}}],"line":22},"2":{"loc":{"start":{"line":27,"column":12},"end":{"line":29,"column":13}},"type":"if","locations":[{"start":{"line":27,"column":12},"end":{"line":29,"column":13}},{"start":{},"end":{}}],"line":27},"3":{"loc":{"start":{"line":35,"column":12},"end":{"line":37,"column":13}},"type":"if","locations":[{"start":{"line":35,"column":12},"end":{"line":37,"column":13}},{"start":{},"end":{}}],"line":35},"4":{"loc":{"start":{"line":35,"column":16},"end":{"line":35,"column":83}},"type":"binary-expr","locations":[{"start":{"line":35,"column":16},"end":{"line":35,"column":43}},{"start":{"line":35,"column":47},"end":{"line":35,"column":83}}],"line":35},"5":{"loc":{"start":{"line":40,"column":8},"end":{"line":56,"column":9}},"type":"if","locations":[{"start":{"line":40,"column":8},"end":{"line":56,"column":9}},{"start":{},"end":{}}],"line":40},"6":{"loc":{"start":{"line":40,"column":12},"end":{"line":40,"column":41}},"type":"binary-expr","locations":[{"start":{"line":40,"column":12},"end":{"line":40,"column":31}},{"start":{"line":40,"column":35},"end":{"line":40,"column":41}}],"line":40},"7":{"loc":{"start":{"line":51,"column":12},"end":{"line":55,"column":13}},"type":"if","locations":[{"start":{"line":51,"column":12},"end":{"line":55,"column":13}},{"start":{},"end":{}}],"line":51},"8":{"loc":{"start":{"line":51,"column":16},"end":{"line":51,"column":70}},"type":"binary-expr","locations":[{"start":{"line":51,"column":16},"end":{"line":51,"column":36}},{"start":{"line":51,"column":40},"end":{"line":51,"column":70}}],"line":51},"9":{"loc":{"start":{"line":57,"column":8},"end":{"line":60,"column":9}},"type":"if","locations":[{"start":{"line":57,"column":8},"end":{"line":60,"column":9}},{"start":{},"end":{}}],"line":57},"10":{"loc":{"start":{"line":78,"column":8},"end":{"line":80,"column":9}},"type":"if","locations":[{"start":{"line":78,"column":8},"end":{"line":80,"column":9}},{"start":{},"end":{}}],"line":78},"11":{"loc":{"start":{"line":82,"column":8},"end":{"line":84,"column":9}},"type":"if","locations":[{"start":{"line":82,"column":8},"end":{"line":84,"column":9}},{"start":{},"end":{}}],"line":82},"12":{"loc":{"start":{"line":82,"column":12},"end":{"line":82,"column":45}},"type":"binary-expr","locations":[{"start":{"line":82,"column":12},"end":{"line":82,"column":19}},{"start":{"line":82,"column":23},"end":{"line":82,"column":45}}],"line":82},"13":{"loc":{"start":{"line":86,"column":4},"end":{"line":88,"column":5}},"type":"if","locations":[{"start":{"line":86,"column":4},"end":{"line":88,"column":5}},{"start":{},"end":{}}],"line":86},"14":{"loc":{"start":{"line":86,"column":8},"end":{"line":86,"column":43}},"type":"binary-expr","locations":[{"start":{"line":86,"column":8},"end":{"line":86,"column":17}},{"start":{"line":86,"column":21},"end":{"line":86,"column":30}},{"start":{"line":86,"column":34},"end":{"line":86,"column":43}}],"line":86},"15":{"loc":{"start":{"line":90,"column":4},"end":{"line":92,"column":5}},"type":"if","locations":[{"start":{"line":90,"column":4},"end":{"line":92,"column":5}},{"start":{},"end":{}}],"line":90},"16":{"loc":{"start":{"line":90,"column":8},"end":{"line":90,"column":62}},"type":"binary-expr","locations":[{"start":{"line":90,"column":8},"end":{"line":90,"column":20}},{"start":{"line":90,"column":24},"end":{"line":90,"column":40}},{"start":{"line":90,"column":44},"end":{"line":90,"column":62}}],"line":90},"17":{"loc":{"start":{"line":94,"column":4},"end":{"line":97,"column":5}},"type":"if","locations":[{"start":{"line":94,"column":4},"end":{"line":97,"column":5}},{"start":{},"end":{}}],"line":94},"18":{"loc":{"start":{"line":94,"column":8},"end":{"line":95,"column":89}},"type":"binary-expr","locations":[{"start":{"line":94,"column":8},"end":{"line":94,"column":21}},{"start":{"line":94,"column":26},"end":{"line":94,"column":47}},{"start":{"line":94,"column":51},"end":{"line":94,"column":66}},{"start":{"line":94,"column":70},"end":{"line":94,"column":84}},{"start":{"line":94,"column":89},"end":{"line":94,"column":111}},{"start":{"line":95,"column":11},"end":{"line":95,"column":36}},{"start":{"line":95,"column":40},"end":{"line":95,"column":55}},{"start":{"line":95,"column":59},"end":{"line":95,"column":71}},{"start":{"line":95,"column":75},"end":{"line":95,"column":89}}],"line":94},"19":{"loc":{"start":{"line":99,"column":4},"end":{"line":104,"column":5}},"type":"if","locations":[{"start":{"line":99,"column":4},"end":{"line":104,"column":5}},{"start":{},"end":{}}],"line":99},"20":{"loc":{"start":{"line":99,"column":8},"end":{"line":99,"column":64}},"type":"binary-expr","locations":[{"start":{"line":99,"column":9},"end":{"line":99,"column":29}},{"start":{"line":99,"column":33},"end":{"line":99,"column":52}},{"start":{"line":99,"column":57},"end":{"line":99,"column":64}}],"line":99},"21":{"loc":{"start":{"line":105,"column":8},"end":{"line":117,"column":9}},"type":"if","locations":[{"start":{"line":105,"column":8},"end":{"line":117,"column":9}},{"start":{},"end":{}}],"line":105},"22":{"loc":{"start":{"line":105,"column":12},"end":{"line":105,"column":42}},"type":"binary-expr","locations":[{"start":{"line":105,"column":12},"end":{"line":105,"column":32}},{"start":{"line":105,"column":36},"end":{"line":105,"column":42}}],"line":105},"23":{"loc":{"start":{"line":110,"column":12},"end":{"line":116,"column":13}},"type":"if","locations":[{"start":{"line":110,"column":12},"end":{"line":116,"column":13}},{"start":{"line":112,"column":19},"end":{"line":116,"column":13}}],"line":110},"24":{"loc":{"start":{"line":119,"column":8},"end":{"line":133,"column":9}},"type":"if","locations":[{"start":{"line":119,"column":8},"end":{"line":133,"column":9}},{"start":{},"end":{}}],"line":119},"25":{"loc":{"start":{"line":119,"column":12},"end":{"line":119,"column":41}},"type":"binary-expr","locations":[{"start":{"line":119,"column":12},"end":{"line":119,"column":31}},{"start":{"line":119,"column":35},"end":{"line":119,"column":41}}],"line":119},"26":{"loc":{"start":{"line":129,"column":12},"end":{"line":131,"column":13}},"type":"if","locations":[{"start":{"line":129,"column":12},"end":{"line":131,"column":13}},{"start":{},"end":{}}],"line":129},"27":{"loc":{"start":{"line":160,"column":8},"end":{"line":162,"column":9}},"type":"if","locations":[{"start":{"line":160,"column":8},"end":{"line":162,"column":9}},{"start":{},"end":{}}],"line":160},"28":{"loc":{"start":{"line":163,"column":8},"end":{"line":165,"column":9}},"type":"if","locations":[{"start":{"line":163,"column":8},"end":{"line":165,"column":9}},{"start":{},"end":{}}],"line":163},"29":{"loc":{"start":{"line":167,"column":8},"end":{"line":169,"column":9}},"type":"if","locations":[{"start":{"line":167,"column":8},"end":{"line":169,"column":9}},{"start":{},"end":{}}],"line":167},"30":{"loc":{"start":{"line":171,"column":8},"end":{"line":173,"column":9}},"type":"if","locations":[{"start":{"line":171,"column":8},"end":{"line":173,"column":9}},{"start":{},"end":{}}],"line":171},"31":{"loc":{"start":{"line":187,"column":8},"end":{"line":189,"column":9}},"type":"if","locations":[{"start":{"line":187,"column":8},"end":{"line":189,"column":9}},{"start":{},"end":{}}],"line":187},"32":{"loc":{"start":{"line":219,"column":4},"end":{"line":221,"column":5}},"type":"if","locations":[{"start":{"line":219,"column":4},"end":{"line":221,"column":5}},{"start":{},"end":{}}],"line":219},"33":{"loc":{"start":{"line":226,"column":8},"end":{"line":228,"column":9}},"type":"if","locations":[{"start":{"line":226,"column":8},"end":{"line":228,"column":9}},{"start":{},"end":{}}],"line":226},"34":{"loc":{"start":{"line":241,"column":8},"end":{"line":243,"column":9}},"type":"if","locations":[{"start":{"line":241,"column":8},"end":{"line":243,"column":9}},{"start":{},"end":{}}],"line":241},"35":{"loc":{"start":{"line":272,"column":8},"end":{"line":274,"column":9}},"type":"if","locations":[{"start":{"line":272,"column":8},"end":{"line":274,"column":9}},{"start":{},"end":{}}],"line":272},"36":{"loc":{"start":{"line":272,"column":11},"end":{"line":272,"column":44}},"type":"binary-expr","locations":[{"start":{"line":272,"column":11},"end":{"line":272,"column":16}},{"start":{"line":272,"column":20},"end":{"line":272,"column":30}},{"start":{"line":272,"column":34},"end":{"line":272,"column":44}}],"line":272},"37":{"loc":{"start":{"line":284,"column":12},"end":{"line":284,"column":23}},"type":"default-arg","locations":[{"start":{"line":284,"column":21},"end":{"line":284,"column":23}}],"line":284}},"s":{"0":6,"1":6,"2":6,"3":6,"4":6,"5":6,"6":6,"7":2,"8":6,"9":7,"10":7,"11":7,"12":7,"13":0,"14":0,"15":0,"16":0,"17":0,"18":0,"19":0,"20":0,"21":0,"22":0,"23":7,"24":0,"25":0,"26":0,"27":0,"28":0,"29":0,"30":0,"31":7,"32":7,"33":7,"34":0,"35":7,"36":6,"37":0,"38":0,"39":0,"40":0,"41":0,"42":0,"43":0,"44":0,"45":0,"46":0,"47":0,"48":0,"49":0,"50":0,"51":0,"52":0,"53":0,"54":0,"55":0,"56":0,"57":0,"58":0,"59":0,"60":0,"61":0,"62":0,"63":0,"64":0,"65":0,"66":0,"67":0,"68":0,"69":0,"70":0,"71":0,"72":0,"73":0,"74":0,"75":0,"76":0,"77":0,"78":0,"79":0,"80":6,"81":10,"82":10,"83":10,"84":1,"85":9,"86":1,"87":8,"88":7,"89":1,"90":6,"91":6,"92":1,"93":5,"94":5,"95":4,"96":2,"97":2,"98":2,"99":2,"100":2,"101":6,"102":1,"103":1,"104":0,"105":6,"106":4,"107":4,"108":1,"109":3,"110":3,"111":3,"112":1,"113":2,"114":2,"115":2,"116":1,"117":1,"118":1,"119":0,"120":6,"121":3,"122":3,"123":3,"124":2,"125":2,"126":2,"127":1,"128":1,"129":1,"130":1,"131":6,"132":5,"133":5,"134":5,"135":4,"136":1,"137":1},"f":{"0":2,"1":7,"2":0,"3":0,"4":10,"5":1,"6":4,"7":3,"8":5},"b":{"0":[0,7],"1":[7,0],"2":[0,0],"3":[0,0],"4":[0,0],"5":[0,7],"6":[7,0],"7":[0,0],"8":[0,0],"9":[7,0],"10":[0,0],"11":[0,0],"12":[0,0],"13":[0,0],"14":[0,0,0],"15":[0,0],"16":[0,0,0],"17":[0,0],"18":[0,0,0,0,0,0,0,0,0],"19":[0,0],"20":[0,0,0],"21":[0,0],"22":[0,0],"23":[0,0],"24":[0,0],"25":[0,0],"26":[0,0],"27":[1,9],"28":[1,8],"29":[1,6],"30":[1,5],"31":[2,2],"32":[1,3],"33":[1,2],"34":[1,1],"35":[1,1],"36":[2,1,1],"37":[1]},"_coverageSchema":"1a1c01bbd47fc00a2c39e90264f33305004495a9","hash":"387dc681e8582623d6d92d0ddf57ad83539f337b"}
,"C:\\Computer Science\\SD\\FinalProject\\Forza-Horizon-StatsTracker\\backend\\middlewares\\verifyToken.js": {"path":"C:\\Computer Science\\SD\\FinalProject\\Forza-Horizon-StatsTracker\\backend\\middlewares\\verifyToken.js","statementMap":{"0":{"start":{"line":1,"column":12},"end":{"line":1,"column":35}},"1":{"start":{"line":3,"column":20},"end":{"line":17,"column":1}},"2":{"start":{"line":4,"column":16},"end":{"line":4,"column":59}},"3":{"start":{"line":6,"column":2},"end":{"line":8,"column":3}},"4":{"start":{"line":7,"column":4},"end":{"line":7,"column":66}},"5":{"start":{"line":10,"column":2},"end":{"line":16,"column":5}},"6":{"start":{"line":11,"column":4},"end":{"line":13,"column":5}},"7":{"start":{"line":12,"column":6},"end":{"line":12,"column":75}},"8":{"start":{"line":14,"column":4},"end":{"line":14,"column":23}},"9":{"start":{"line":15,"column":4},"end":{"line":15,"column":11}},"10":{"start":{"line":19,"column":0},"end":{"line":19,"column":29}}},"fnMap":{"0":{"name":"(anonymous_0)","decl":{"start":{"line":3,"column":20},"end":{"line":3,"column":21}},"loc":{"start":{"line":3,"column":40},"end":{"line":17,"column":1}},"line":3},"1":{"name":"(anonymous_1)","decl":{"start":{"line":10,"column":44},"end":{"line":10,"column":45}},"loc":{"start":{"line":10,"column":62},"end":{"line":16,"column":3}},"line":10}},"branchMap":{"0":{"loc":{"start":{"line":6,"column":2},"end":{"line":8,"column":3}},"type":"if","locations":[{"start":{"line":6,"column":2},"end":{"line":8,"column":3}},{"start":{},"end":{}}],"line":6},"1":{"loc":{"start":{"line":11,"column":4},"end":{"line":13,"column":5}},"type":"if","locations":[{"start":{"line":11,"column":4},"end":{"line":13,"column":5}},{"start":{},"end":{}}],"line":11}},"s":{"0":1,"1":1,"2":0,"3":0,"4":0,"5":0,"6":0,"7":0,"8":0,"9":0,"10":1},"f":{"0":0,"1":0},"b":{"0":[0,0],"1":[0,0]},"_coverageSchema":"1a1c01bbd47fc00a2c39e90264f33305004495a9","hash":"90c69f5bd484a75ffa43d2bd1416449ec4b7a1ac"}
,"C:\\Computer Science\\SD\\FinalProject\\Forza-Horizon-StatsTracker\\backend\\models\\hub_user.js": {"path":"C:\\Computer Science\\SD\\FinalProject\\Forza-Horizon-StatsTracker\\backend\\models\\hub_user.js","statementMap":{"0":{"start":{"line":1,"column":17},"end":{"line":1,"column":36}},"1":{"start":{"line":3,"column":19},"end":{"line":32,"column":1}},"2":{"start":{"line":33,"column":0},"end":{"line":33,"column":55}}},"fnMap":{},"branchMap":{},"s":{"0":9,"1":9,"2":9},"f":{},"b":{},"_coverageSchema":"1a1c01bbd47fc00a2c39e90264f33305004495a9","hash":"287eca29b7f927c78853e25df6d96fb903900a0a"}
,"C:\\Computer Science\\SD\\FinalProject\\Forza-Horizon-StatsTracker\\backend\\models\\user_profile.js": {"path":"C:\\Computer Science\\SD\\FinalProject\\Forza-Horizon-StatsTracker\\backend\\models\\user_profile.js","statementMap":{"0":{"start":{"line":1,"column":17},"end":{"line":1,"column":36}},"1":{"start":{"line":2,"column":22},"end":{"line":21,"column":2}},"2":{"start":{"line":23,"column":0},"end":{"line":23,"column":62}}},"fnMap":{},"branchMap":{},"s":{"0":9,"1":9,"2":9},"f":{},"b":{},"_coverageSchema":"1a1c01bbd47fc00a2c39e90264f33305004495a9","hash":"e843e4e14a6444228d6fcf82baa2967293705c5c"}
,"C:\\Computer Science\\SD\\FinalProject\\Forza-Horizon-StatsTracker\\backend\\models\\user_stats.js": {"path":"C:\\Computer Science\\SD\\FinalProject\\Forza-Horizon-StatsTracker\\backend\\models\\user_stats.js","statementMap":{"0":{"start":{"line":1,"column":17},"end":{"line":1,"column":36}},"1":{"start":{"line":2,"column":20},"end":{"line":56,"column":2}},"2":{"start":{"line":58,"column":0},"end":{"line":58,"column":59}}},"fnMap":{},"branchMap":{},"s":{"0":9,"1":9,"2":9},"f":{},"b":{},"_coverageSchema":"1a1c01bbd47fc00a2c39e90264f33305004495a9","hash":"2e34621a1d602b21ff8a83ffa501647923910295"}
,"C:\\Computer Science\\SD\\FinalProject\\Forza-Horizon-StatsTracker\\backend\\routes\\stats.js": {"path":"C:\\Computer Science\\SD\\FinalProject\\Forza-Horizon-StatsTracker\\backend\\routes\\stats.js","statementMap":{"0":{"start":{"line":1,"column":16},"end":{"line":1,"column":34}},"1":{"start":{"line":2,"column":15},"end":{"line":2,"column":31}},"2":{"start":{"line":4,"column":87},"end":{"line":4,"column":118}},"3":{"start":{"line":8,"column":20},"end":{"line":8,"column":57}},"4":{"start":{"line":10,"column":0},"end":{"line":10,"column":46}},"5":{"start":{"line":11,"column":0},"end":{"line":11,"column":58}},"6":{"start":{"line":12,"column":0},"end":{"line":12,"column":45}},"7":{"start":{"line":13,"column":0},"end":{"line":13,"column":45}},"8":{"start":{"line":15,"column":0},"end":{"line":15,"column":56}},"9":{"start":{"line":18,"column":0},"end":{"line":18,"column":24}}},"fnMap":{},"branchMap":{},"s":{"0":1,"1":1,"2":1,"3":1,"4":1,"5":1,"6":1,"7":1,"8":1,"9":1},"f":{},"b":{},"_coverageSchema":"1a1c01bbd47fc00a2c39e90264f33305004495a9","hash":"17a302e3afb93ff7aa8279a80f21bd4944a2b3ab"}
,"C:\\Computer Science\\SD\\FinalProject\\Forza-Horizon-StatsTracker\\backend\\routes\\users.js": {"path":"C:\\Computer Science\\SD\\FinalProject\\Forza-Horizon-StatsTracker\\backend\\routes\\users.js","statementMap":{"0":{"start":{"line":1,"column":16},"end":{"line":1,"column":34}},"1":{"start":{"line":2,"column":15},"end":{"line":2,"column":31}},"2":{"start":{"line":3,"column":84},"end":{"line":3,"column":115}},"3":{"start":{"line":6,"column":0},"end":{"line":6,"column":33}},"4":{"start":{"line":7,"column":0},"end":{"line":7,"column":34}},"5":{"start":{"line":8,"column":0},"end":{"line":8,"column":36}},"6":{"start":{"line":9,"column":0},"end":{"line":9,"column":36}},"7":{"start":{"line":11,"column":0},"end":{"line":11,"column":38}},"8":{"start":{"line":12,"column":0},"end":{"line":12,"column":34}},"9":{"start":{"line":14,"column":0},"end":{"line":14,"column":24}}},"fnMap":{},"branchMap":{},"s":{"0":1,"1":1,"2":1,"3":1,"4":1,"5":1,"6":1,"7":1,"8":1,"9":1},"f":{},"b":{},"_coverageSchema":"1a1c01bbd47fc00a2c39e90264f33305004495a9","hash":"a698eba5b02a3d41ff70d7cc90eb6fbce35de45e"}
}
