TN:
SF:app.js
FN:23,(anonymous_0)
FN:24,(anonymous_1)
FN:32,(anonymous_2)
FNF:3
FNH:2
FNDA:3,(anonymous_0)
FNDA:3,(anonymous_1)
FNDA:0,(anonymous_2)
DA:2,1
DA:3,1
DA:4,1
DA:5,1
DA:7,1
DA:9,1
DA:11,1
DA:20,1
DA:23,1
DA:24,3
DA:25,3
DA:26,3
DA:28,3
DA:32,1
DA:33,0
DA:36,1
DA:37,1
DA:39,1
DA:40,1
DA:42,1
LF:20
LH:19
BRF:0
BRH:0
end_of_record
TN:
SF:controllers\stats.js
FN:5,(anonymous_0)
FN:28,(anonymous_1)
FN:33,(anonymous_2)
FN:52,(anonymous_3)
FN:65,(anonymous_4)
FN:96,(anonymous_5)
FN:110,(anonymous_6)
FN:138,(anonymous_7)
FNF:8
FNH:0
FNDA:0,(anonymous_0)
FNDA:0,(anonymous_1)
FNDA:0,(anonymous_2)
FNDA:0,(anonymous_3)
FNDA:0,(anonymous_4)
FNDA:0,(anonymous_5)
FNDA:0,(anonymous_6)
FNDA:0,(anonymous_7)
DA:1,1
DA:2,1
DA:3,1
DA:5,1
DA:6,0
DA:7,0
DA:9,0
DA:10,0
DA:13,0
DA:14,0
DA:15,0
DA:17,0
DA:18,0
DA:21,0
DA:23,0
DA:24,0
DA:28,1
DA:29,0
DA:30,0
DA:32,0
DA:34,0
DA:38,0
DA:39,0
DA:42,0
DA:52,0
DA:54,0
DA:56,0
DA:57,0
DA:65,1
DA:66,0
DA:68,0
DA:69,0
DA:72,0
DA:73,0
DA:74,0
DA:75,0
DA:78,0
DA:80,0
DA:87,0
DA:88,0
DA:96,1
DA:97,0
DA:99,0
DA:100,0
DA:103,0
DA:104,0
DA:106,0
DA:107,0
DA:110,0
DA:128,0
DA:134,0
DA:138,1
DA:139,0
DA:140,0
DA:142,0
DA:143,0
DA:146,0
DA:147,0
DA:154,0
DA:155,0
DA:157,0
DA:160,0
LF:62
LH:8
BRDA:9,0,0,0
BRDA:9,0,1,0
BRDA:17,1,0,0
BRDA:17,1,1,0
BRDA:38,2,0,0
BRDA:38,2,1,0
BRDA:68,3,0,0
BRDA:68,3,1,0
BRDA:74,4,0,0
BRDA:74,4,1,0
BRDA:99,5,0,0
BRDA:99,5,1,0
BRDA:99,6,0,0
BRDA:99,6,1,0
BRDA:106,7,0,0
BRDA:106,7,1,0
BRDA:142,8,0,0
BRDA:142,8,1,0
BRDA:154,9,0,0
BRDA:154,9,1,0
BRF:20
BRH:0
end_of_record
TN:
SF:controllers\users.js
FN:8,(anonymous_0)
FN:17,(anonymous_1)
FN:68,(anonymous_2)
FN:110,(anonymous_3)
FN:157,(anonymous_4)
FN:206,(anonymous_5)
FN:216,(anonymous_6)
FN:265,(anonymous_7)
FN:283,(anonymous_8)
FNF:9
FNH:7
FNDA:2,(anonymous_0)
FNDA:7,(anonymous_1)
FNDA:0,(anonymous_2)
FNDA:0,(anonymous_3)
FNDA:10,(anonymous_4)
FNDA:1,(anonymous_5)
FNDA:4,(anonymous_6)
FNDA:3,(anonymous_7)
FNDA:5,(anonymous_8)
DA:1,6
DA:2,6
DA:3,6
DA:4,6
DA:5,6
DA:6,6
DA:8,6
DA:9,2
DA:17,6
DA:18,7
DA:19,7
DA:21,7
DA:22,7
DA:24,0
DA:25,0
DA:26,0
DA:27,0
DA:28,0
DA:32,0
DA:33,0
DA:34,0
DA:35,0
DA:36,0
DA:40,7
DA:42,0
DA:43,0
DA:50,0
DA:51,0
DA:52,0
DA:53,0
DA:54,0
DA:57,7
DA:58,7
DA:59,7
DA:62,0
DA:65,7
DA:68,6
DA:71,0
DA:73,0
DA:74,0
DA:76,0
DA:77,0
DA:78,0
DA:79,0
DA:81,0
DA:82,0
DA:83,0
DA:86,0
DA:87,0
DA:90,0
DA:91,0
DA:94,0
DA:96,0
DA:99,0
DA:100,0
DA:101,0
DA:105,0
DA:106,0
DA:107,0
DA:108,0
DA:110,0
DA:111,0
DA:113,0
DA:119,0
DA:120,0
DA:121,0
DA:129,0
DA:130,0
DA:132,0
DA:135,0
DA:138,0
DA:140,0
DA:142,0
DA:144,0
DA:145,0
DA:146,0
DA:147,0
DA:150,0
DA:152,0
DA:157,6
DA:158,10
DA:159,10
DA:160,10
DA:161,1
DA:163,9
DA:164,1
DA:166,8
DA:167,7
DA:168,1
DA:170,6
DA:171,6
DA:172,1
DA:176,5
DA:177,5
DA:187,4
DA:188,2
DA:190,2
DA:191,2
DA:199,2
DA:200,2
DA:206,6
DA:207,1
DA:208,1
DA:211,0
DA:216,6
DA:217,4
DA:219,4
DA:220,1
DA:223,3
DA:224,3
DA:226,3
DA:227,1
DA:230,2
DA:231,2
DA:241,2
DA:242,1
DA:244,1
DA:245,1
DA:260,0
DA:265,6
DA:266,3
DA:267,3
DA:268,3
DA:269,2
DA:270,2
DA:272,2
DA:273,1
DA:275,1
DA:278,1
DA:279,1
DA:283,6
DA:284,5
DA:285,5
DA:286,5
DA:290,4
DA:293,1
DA:294,1
LF:137
LH:75
BRDA:22,0,0,0
BRDA:22,0,1,7
BRDA:22,1,0,7
BRDA:22,1,1,0
BRDA:27,2,0,0
BRDA:27,2,1,0
BRDA:35,3,0,0
BRDA:35,3,1,0
BRDA:35,4,0,0
BRDA:35,4,1,0
BRDA:40,5,0,0
BRDA:40,5,1,7
BRDA:40,6,0,7
BRDA:40,6,1,0
BRDA:51,7,0,0
BRDA:51,7,1,0
BRDA:51,8,0,0
BRDA:51,8,1,0
BRDA:57,9,0,7
BRDA:57,9,1,0
BRDA:78,10,0,0
BRDA:78,10,1,0
BRDA:82,11,0,0
BRDA:82,11,1,0
BRDA:82,12,0,0
BRDA:82,12,1,0
BRDA:86,13,0,0
BRDA:86,13,1,0
BRDA:86,14,0,0
BRDA:86,14,1,0
BRDA:86,14,2,0
BRDA:90,15,0,0
BRDA:90,15,1,0
BRDA:90,16,0,0
BRDA:90,16,1,0
BRDA:90,16,2,0
BRDA:94,17,0,0
BRDA:94,17,1,0
BRDA:94,18,0,0
BRDA:94,18,1,0
BRDA:94,18,2,0
BRDA:94,18,3,0
BRDA:94,18,4,0
BRDA:94,18,5,0
BRDA:94,18,6,0
BRDA:94,18,7,0
BRDA:94,18,8,0
BRDA:99,19,0,0
BRDA:99,19,1,0
BRDA:99,20,0,0
BRDA:99,20,1,0
BRDA:99,20,2,0
BRDA:105,21,0,0
BRDA:105,21,1,0
BRDA:105,22,0,0
BRDA:105,22,1,0
BRDA:110,23,0,0
BRDA:110,23,1,0
BRDA:119,24,0,0
BRDA:119,24,1,0
BRDA:119,25,0,0
BRDA:119,25,1,0
BRDA:129,26,0,0
BRDA:129,26,1,0
BRDA:160,27,0,1
BRDA:160,27,1,9
BRDA:163,28,0,1
BRDA:163,28,1,8
BRDA:167,29,0,1
BRDA:167,29,1,6
BRDA:171,30,0,1
BRDA:171,30,1,5
BRDA:187,31,0,2
BRDA:187,31,1,2
BRDA:219,32,0,1
BRDA:219,32,1,3
BRDA:226,33,0,1
BRDA:226,33,1,2
BRDA:241,34,0,1
BRDA:241,34,1,1
BRDA:272,35,0,1
BRDA:272,35,1,1
BRDA:272,36,0,2
BRDA:272,36,1,1
BRDA:272,36,2,1
BRDA:284,37,0,1
BRF:86
BRH:27
end_of_record
TN:
SF:middlewares\verifyToken.js
FN:3,(anonymous_0)
FN:10,(anonymous_1)
FNF:2
FNH:0
FNDA:0,(anonymous_0)
FNDA:0,(anonymous_1)
DA:1,1
DA:3,1
DA:4,0
DA:6,0
DA:7,0
DA:10,0
DA:11,0
DA:12,0
DA:14,0
DA:15,0
DA:19,1
LF:11
LH:3
BRDA:6,0,0,0
BRDA:6,0,1,0
BRDA:11,1,0,0
BRDA:11,1,1,0
BRF:4
BRH:0
end_of_record
TN:
SF:models\hub_user.js
FNF:0
FNH:0
DA:1,9
DA:3,9
DA:33,9
LF:3
LH:3
BRF:0
BRH:0
end_of_record
TN:
SF:models\user_profile.js
FNF:0
FNH:0
DA:1,9
DA:2,9
DA:23,9
LF:3
LH:3
BRF:0
BRH:0
end_of_record
TN:
SF:models\user_stats.js
FNF:0
FNH:0
DA:1,9
DA:2,9
DA:58,9
LF:3
LH:3
BRF:0
BRH:0
end_of_record
TN:
SF:routes\stats.js
FNF:0
FNH:0
DA:1,1
DA:2,1
DA:4,1
DA:8,1
DA:10,1
DA:11,1
DA:12,1
DA:13,1
DA:15,1
DA:18,1
LF:10
LH:10
BRF:0
BRH:0
end_of_record
TN:
SF:routes\users.js
FNF:0
FNH:0
DA:1,1
DA:2,1
DA:3,1
DA:6,1
DA:7,1
DA:8,1
DA:9,1
DA:11,1
DA:12,1
DA:14,1
LF:10
LH:10
BRF:0
BRH:0
end_of_record
